SF:./lib/cdek_api_client.rb
DA:3,1
DA:4,1
DA:5,1
DA:6,1
DA:7,1
DA:8,1
DA:9,1
DA:10,1
DA:11,1
DA:12,1
DA:13,1
DA:14,1
DA:15,1
DA:16,1
DA:17,1
DA:18,1
DA:19,1
DA:20,1
DA:21,1
DA:41,1
DA:42,1
DA:44,1
DA:47,1
DA:48,0
DA:53,1
DA:57,1
DA:62,1
DA:63,0
end_of_record
SF:./lib/cdek_api_client/api/location.rb
DA:3,1
DA:5,1
DA:6,1
DA:8,1
DA:12,1
DA:13,37
DA:20,1
DA:21,8
DA:28,1
DA:29,5
DA:36,1
DA:37,5
DA:45,1
DA:46,1000
DA:47,1000
DA:48,1000
DA:51,0
DA:55,0
DA:59,1
DA:65,1
DA:66,6
DA:67,6
DA:69,0
DA:70,0
end_of_record
SF:./lib/cdek_api_client/api/order.rb
DA:3,1
DA:4,1
DA:6,1
DA:10,1
DA:11,37
DA:18,1
DA:19,4
DA:20,4
DA:27,1
DA:28,2
DA:29,2
DA:32,1
DA:38,1
DA:39,6
end_of_record
SF:./lib/cdek_api_client/api/tariff.rb
DA:3,1
DA:4,1
DA:6,1
DA:10,1
DA:11,37
DA:18,1
DA:19,2
end_of_record
SF:./lib/cdek_api_client/api/track_order.rb
DA:3,1
DA:4,1
DA:6,1
DA:7,1
DA:8,1
DA:13,1
DA:14,0
DA:22,1
DA:23,0
DA:25,0
DA:26,0
DA:29,1
DA:35,1
DA:36,0
DA:43,1
DA:44,0
end_of_record
SF:./lib/cdek_api_client/api/webhook.rb
DA:3,1
DA:4,1
DA:6,1
DA:10,1
DA:11,37
DA:18,1
DA:19,4
DA:20,4
DA:26,1
DA:27,2
DA:28,2
DA:35,1
DA:36,2
DA:37,2
end_of_record
SF:./lib/cdek_api_client/client.rb
DA:3,1
DA:4,1
DA:5,1
DA:6,1
DA:7,1
DA:8,1
DA:9,1
DA:10,1
DA:12,1
DA:14,1
DA:15,1
DA:16,1
DA:19,1
DA:21,1
DA:23,1
DA:25,1
DA:27,1
DA:29,1
DA:36,1
DA:37,38
DA:38,38
DA:39,38
DA:40,38
DA:42,37
DA:43,37
DA:44,37
DA:45,37
DA:52,1
DA:53,40
DA:54,40
DA:60,40
DA:62,39
DA:71,1
DA:72,1028
DA:73,1028
DA:74,1028
DA:75,1028
DA:76,1028
DA:77,1028
DA:79,0
DA:80,0
DA:83,1
DA:91,1
DA:92,1028
DA:93,1028
DA:94,1028
DA:95,1028
DA:96,1028
DA:97,1028
DA:104,1
DA:105,1042
DA:107,1028
DA:108,1028
DA:110,0
DA:111,0
DA:113,14
DA:115,0
DA:116,0
DA:119,0
DA:120,0
DA:127,1
DA:128,1028
DA:130,0
DA:131,0
DA:137,1
DA:138,0
end_of_record
SF:./lib/cdek_api_client/entities/currency_mapper.rb
DA:3,1
DA:4,1
DA:6,1
DA:7,1
DA:35,1
DA:36,8
end_of_record
SF:./lib/cdek_api_client/entities/item.rb
DA:3,1
DA:4,1
DA:6,1
DA:7,1
DA:10,1
DA:11,1
DA:13,1
DA:15,1
DA:16,1
DA:17,1
DA:18,1
DA:19,1
DA:20,1
DA:32,1
DA:33,6
DA:34,6
DA:35,6
DA:36,6
DA:37,6
DA:38,6
DA:39,6
DA:40,6
DA:46,1
DA:48,6
end_of_record
SF:./lib/cdek_api_client/entities/location.rb
DA:3,1
DA:4,1
DA:7,1
DA:8,1
DA:10,1
DA:12,1
DA:13,1
DA:14,1
DA:22,1
DA:23,12
DA:24,12
DA:25,12
DA:26,12
DA:32,1
DA:34,12
end_of_record
SF:./lib/cdek_api_client/entities/order_data.rb
DA:3,1
DA:4,1
DA:5,1
DA:6,1
DA:8,1
DA:9,1
DA:12,1
DA:13,1
DA:15,1
DA:18,1
DA:19,1
DA:20,1
DA:21,1
DA:22,1
DA:23,1
DA:24,1
DA:25,1
DA:26,1
DA:43,1
DA:45,4
DA:46,4
DA:47,4
DA:48,4
DA:49,4
DA:50,4
DA:51,4
DA:52,4
DA:53,4
DA:54,4
DA:55,4
DA:56,4
DA:57,4
DA:63,1
DA:65,4
end_of_record
SF:./lib/cdek_api_client/entities/package.rb
DA:3,1
DA:4,1
DA:6,1
DA:7,1
DA:10,1
DA:11,1
DA:13,1
DA:15,1
DA:16,1
DA:17,1
DA:18,1
DA:19,1
DA:20,1
DA:32,1
DA:33,7
DA:34,7
DA:35,7
DA:36,7
DA:37,7
DA:38,7
DA:39,7
DA:40,7
DA:46,1
DA:48,6
end_of_record
SF:./lib/cdek_api_client/entities/payment.rb
DA:3,1
DA:4,1
DA:6,1
DA:7,1
DA:10,1
DA:11,1
DA:13,1
DA:15,1
DA:16,1
DA:23,1
DA:24,6
DA:25,6
DA:26,6
DA:32,1
DA:34,6
end_of_record
SF:./lib/cdek_api_client/entities/recipient.rb
DA:3,1
DA:5,1
DA:6,1
DA:9,1
DA:10,1
DA:12,1
DA:14,1
DA:15,1
DA:17,1
DA:25,1
DA:26,5
DA:27,5
DA:28,5
DA:29,5
DA:35,1
DA:37,4
end_of_record
SF:./lib/cdek_api_client/entities/sender.rb
DA:3,1
DA:5,1
DA:6,1
DA:9,1
DA:10,1
DA:12,1
DA:14,1
DA:15,1
DA:17,1
DA:25,1
DA:26,4
DA:27,4
DA:28,4
DA:29,4
DA:35,1
DA:37,4
end_of_record
SF:./lib/cdek_api_client/entities/service.rb
DA:3,1
DA:4,1
DA:6,1
DA:7,1
DA:10,1
DA:11,1
DA:13,1
DA:15,1
DA:16,1
DA:17,1
DA:25,1
DA:26,4
DA:27,4
DA:28,4
DA:29,4
DA:35,1
DA:37,4
end_of_record
SF:./lib/cdek_api_client/entities/tariff_data.rb
DA:3,1
DA:4,1
DA:6,1
DA:7,1
DA:11,1
DA:12,1
DA:14,1
DA:16,1
DA:17,1
DA:18,1
DA:19,1
DA:20,1
DA:21,1
DA:32,1
DA:33,2
DA:34,2
DA:35,2
DA:36,2
DA:37,2
DA:38,2
DA:39,2
DA:45,1
DA:47,2
end_of_record
SF:./lib/cdek_api_client/entities/validatable.rb
DA:4,1
DA:5,1
DA:8,1
DA:9,1
DA:10,18
DA:14,1
DA:21,1
DA:22,54
DA:23,54
DA:29,1
DA:30,85
DA:37,1
DA:38,59
DA:39,225
DA:40,225
DA:41,224
DA:45,1
DA:53,1
DA:54,334
DA:63,1
DA:64,333
DA:66,142
DA:68,111
DA:70,33
DA:72,26
DA:74,0
DA:83,1
DA:84,142
DA:93,1
DA:94,111
DA:96,110
DA:105,1
DA:106,33
DA:108,33
DA:117,1
DA:118,110
DA:127,1
DA:128,33
DA:129,37
DA:130,16
DA:131,21
DA:132,0
DA:134,21
DA:135,21
DA:136,21
DA:148,1
DA:149,26
DA:150,72
DA:151,72
DA:152,72
DA:162,1
DA:163,16
DA:164,16
DA:165,16
DA:166,16
end_of_record
SF:./lib/cdek_api_client/entities/webhook.rb
DA:3,1
DA:5,1
DA:6,1
DA:9,1
DA:10,1
DA:12,1
DA:14,1
DA:15,1
DA:16,1
DA:24,1
DA:25,4
DA:26,4
DA:27,4
DA:28,4
DA:34,1
DA:36,4
end_of_record
